0 info it worked if it ends with ok
1 verbose cli [ '/usr/local/bin/node',
1 verbose cli   '/usr/local/bin/npm',
1 verbose cli   'install',
1 verbose cli   '-g',
1 verbose cli   'sequelize' ]
2 info using npm@2.15.8
3 info using node@v4.4.7
4 verbose install initial load of /usr/local/lib/package.json
5 verbose readDependencies loading dependencies from /usr/local/lib/package.json
6 silly cache add args [ 'sequelize', null ]
7 verbose cache add spec sequelize
8 silly cache add parsed spec Result {
8 silly cache add   raw: 'sequelize',
8 silly cache add   scope: null,
8 silly cache add   name: 'sequelize',
8 silly cache add   rawSpec: '',
8 silly cache add   spec: 'latest',
8 silly cache add   type: 'tag' }
9 silly addNamed sequelize@latest
10 verbose addNamed "latest" is being treated as a dist-tag for sequelize
11 info addNameTag [ 'sequelize', 'latest' ]
12 silly mapToRegistry name sequelize
13 silly mapToRegistry using default registry
14 silly mapToRegistry registry https://registry.npmjs.org/
15 silly mapToRegistry data Result {
15 silly mapToRegistry   raw: 'sequelize',
15 silly mapToRegistry   scope: null,
15 silly mapToRegistry   name: 'sequelize',
15 silly mapToRegistry   rawSpec: '',
15 silly mapToRegistry   spec: 'latest',
15 silly mapToRegistry   type: 'tag' }
16 silly mapToRegistry uri https://registry.npmjs.org/sequelize
17 verbose addNameTag registry:https://registry.npmjs.org/sequelize not in flight; fetching
18 verbose request uri https://registry.npmjs.org/sequelize
19 verbose request no auth needed
20 info attempt registry request try #1 at 9:39:04 AM
21 verbose request id 168363d07bc3b3be
22 verbose etag "TYSDM5H6IX1EWZH7M1CPTVZB"
23 http request GET https://registry.npmjs.org/sequelize
24 http 200 https://registry.npmjs.org/sequelize
25 verbose headers { server: 'CouchDB/1.5.0 (Erlang OTP/R16B03)',
25 verbose headers   etag: '"AB833N8OLXDKWWRBK6TMFRGDZ"',
25 verbose headers   'content-type': 'application/json',
25 verbose headers   'content-encoding': 'gzip',
25 verbose headers   'cache-control': 'max-age=300',
25 verbose headers   'content-length': '35515',
25 verbose headers   'accept-ranges': 'bytes',
25 verbose headers   date: 'Fri, 12 Aug 2016 13:39:02 GMT',
25 verbose headers   via: '1.1 varnish',
25 verbose headers   age: '0',
25 verbose headers   connection: 'keep-alive',
25 verbose headers   'x-served-by': 'cache-iad2138-IAD',
25 verbose headers   'x-cache': 'HIT',
25 verbose headers   'x-cache-hits': '1',
25 verbose headers   'x-timer': 'S1471009142.127903,VS0,VE56',
25 verbose headers   vary: 'Accept-Encoding' }
26 silly get cb [ 200,
26 silly get   { server: 'CouchDB/1.5.0 (Erlang OTP/R16B03)',
26 silly get     etag: '"AB833N8OLXDKWWRBK6TMFRGDZ"',
26 silly get     'content-type': 'application/json',
26 silly get     'content-encoding': 'gzip',
26 silly get     'cache-control': 'max-age=300',
26 silly get     'content-length': '35515',
26 silly get     'accept-ranges': 'bytes',
26 silly get     date: 'Fri, 12 Aug 2016 13:39:02 GMT',
26 silly get     via: '1.1 varnish',
26 silly get     age: '0',
26 silly get     connection: 'keep-alive',
26 silly get     'x-served-by': 'cache-iad2138-IAD',
26 silly get     'x-cache': 'HIT',
26 silly get     'x-cache-hits': '1',
26 silly get     'x-timer': 'S1471009142.127903,VS0,VE56',
26 silly get     vary: 'Accept-Encoding' } ]
27 verbose get saving sequelize to /Users/jinysong/.npm/registry.npmjs.org/sequelize/.cache.json
28 verbose correctMkdir /Users/jinysong/.npm correctMkdir not in flight; initializing
29 silly addNameTag next cb for sequelize with tag latest
30 silly addNamed sequelize@3.24.0
31 verbose addNamed "3.24.0" is a plain semver version for sequelize
32 silly cache afterAdd sequelize@3.24.0
33 verbose afterAdd /Users/jinysong/.npm/sequelize/3.24.0/package/package.json not in flight; writing
34 verbose correctMkdir /Users/jinysong/.npm correctMkdir not in flight; initializing
35 verbose afterAdd /Users/jinysong/.npm/sequelize/3.24.0/package/package.json written
36 silly install resolved [ { name: 'sequelize',
36 silly install resolved     description: 'Multi dialect ORM for Node.JS/io.js',
36 silly install resolved     version: '3.24.0',
36 silly install resolved     author: { name: 'Sascha Depold', email: 'sascha@depold.com' },
36 silly install resolved     contributors: [ [Object], [Object], [Object], [Object] ],
36 silly install resolved     repository:
36 silly install resolved      { type: 'git',
36 silly install resolved        url: 'git+https://github.com/sequelize/sequelize.git' },
36 silly install resolved     bugs: { url: 'https://github.com/sequelize/sequelize/issues' },
36 silly install resolved     dependencies:
36 silly install resolved      { bluebird: '^3.3.4',
36 silly install resolved        depd: '^1.1.0',
36 silly install resolved        dottie: '^1.0.0',
36 silly install resolved        'generic-pool': '2.4.2',
36 silly install resolved        inflection: '^1.6.0',
36 silly install resolved        lodash: '4.12.0',
36 silly install resolved        moment: '^2.13.0',
36 silly install resolved        'moment-timezone': '^0.5.4',
36 silly install resolved        'node-uuid': '~1.4.4',
36 silly install resolved        'retry-as-promised': '^2.0.0',
36 silly install resolved        semver: '^5.0.1',
36 silly install resolved        shimmer: '1.1.0',
36 silly install resolved        'terraformer-wkt-parser': '^1.1.0',
36 silly install resolved        'toposort-class': '^1.0.1',
36 silly install resolved        validator: '^5.2.0',
36 silly install resolved        wkx: '0.2.0' },
36 silly install resolved     devDependencies:
36 silly install resolved      { 'babel-core': '^6.8.0',
36 silly install resolved        'babel-preset-es2015': '^6.6.0',
36 silly install resolved        chai: '^3.5.0',
36 silly install resolved        'chai-as-promised': '^5.1.0',
36 silly install resolved        'chai-datetime': '^1.4.0',
36 silly install resolved        'chai-spies': '^0.7.0',
36 silly install resolved        commander: '^2.6.0',
36 silly install resolved        'continuation-local-storage': '^3.1.4',
36 silly install resolved        dox: '~0.8.0',
36 silly install resolved        git: '^0.1.5',
36 silly install resolved        hints: '^0.2.0',
36 silly install resolved        istanbul: '^0.4.3',
36 silly install resolved        jshint: '^2.9.2',
36 silly install resolved        'lcov-result-merger': '^1.2.0',
36 silly install resolved        mocha: '^2.4.2',
36 silly install resolved        mysql: '~2.10.1',
36 silly install resolved        pg: '^4.4.6',
36 silly install resolved        'pg-hstore': '^2.3.1',
36 silly install resolved        'pg-native': '^1.8.0',
36 silly install resolved        'pg-types': '^1.11.0',
36 silly install resolved        sinon: '^1.17.4',
36 silly install resolved        'sinon-chai': '^2.8.0',
36 silly install resolved        sqlite3: '^3.1.4',
36 silly install resolved        tedious: '^1.13.2',
36 silly install resolved        watchr: '~2.4.11' },
36 silly install resolved     keywords:
36 silly install resolved      [ 'mysql',
36 silly install resolved        'sqlite',
36 silly install resolved        'postgresql',
36 silly install resolved        'postgres',
36 silly install resolved        'mssql',
36 silly install resolved        'orm',
36 silly install resolved        'nodejs',
36 silly install resolved        'object relational mapper' ],
36 silly install resolved     main: 'index',
36 silly install resolved     scripts:
36 silly install resolved      { test: 'if [ $COVERAGE ]; then npm run codeclimate; else npm run jshint && npm run teaser && npm run test-unit && npm run test-integration; fi',
36 silly install resolved        'test-docker': 'docker-compose run sequelize /bin/sh -c "npm run test-all"',
36 silly install resolved        'test-docker-unit': 'docker-compose run sequelize /bin/sh -c "npm run test-unit-all"',
36 silly install resolved        'test-docker-integration': 'docker-compose run sequelize /bin/sh -c "npm run test-integration-all"',
36 silly install resolved        'build-docker': 'docker-compose build',
36 silly install resolved        docs: 'node docs/docs-generator.js',
36 silly install resolved        jshint: 'jshint lib test',
36 silly install resolved        teaser: 'echo \'\'; node -pe "Array(20 + process.env.DIALECT.length + 3).join(\'#\')"; echo \'# Running tests for \'$DIALECT\' #\'; node -pe "Array(20 + process.env.DIALECT.length + 3).join(\'#\')";echo \'\';',
36 silly install resolved        'test-unit': 'mocha --globals setImmediate,clearImmediate --ui tdd --check-leaks --colors -t 15000 --reporter spec \'test/unit/**/*.js\'',
36 silly install resolved        'test-unit-mysql': 'DIALECT=mysql npm run test-unit',
36 silly install resolved        'test-unit-postgres': 'DIALECT=postgres npm run test-unit',
36 silly install resolved        'test-unit-postgres-native': 'DIALECT=postgres-native npm run test-unit',
36 silly install resolved        'test-unit-mariadb': 'DIALECT=mariadb npm run test-unit',
36 silly install resolved        'test-unit-sqlite': 'DIALECT=sqlite npm run test-unit',
36 silly install resolved        'test-unit-mssql': 'DIALECT=mssql npm run test-unit',
36 silly install resolved        'test-unit-all': 'npm run test-unit-mysql && npm run test-unit-postgres && npm run test-unit-postgres-native && npm run test-unit-mssql && npm run test-unit-sqlite && npm run test-unit-mariadb',
36 silly install resolved        'test-integration': 'mocha --globals setImmediate,clearImmediate --ui tdd --check-leaks --colors -t 15000 --reporter spec --grep "$GREP" \'test/integration/**/*.test.js\'',
36 silly install resolved        'test-integration-mysql': 'DIALECT=mysql npm run test-integration',
36 silly install resolved        'test-integration-postgres': 'DIALECT=postgres npm run test-integration',
36 silly install resolved        'test-integration-postgres-native': 'DIALECT=postgres-native npm run test-integration',
36 silly install resolved        'test-integration-mariadb': 'DIALECT=mariadb npm run test-integration',
36 silly install resolved        'test-integration-sqlite': 'DIALECT=sqlite npm run test-integration',
36 silly install resolved        'test-integration-mssql': 'DIALECT=mssql npm run test-integration',
36 silly install resolved        'test-integration-all': 'npm run test-integration-mysql && npm run test-integration-postgres && npm run test-integration-postgres-native && npm run test-integration-mssql && npm run test-integration-sqlite && npm run test-integration-mariadb',
36 silly install resolved        'test-mysql': 'DIALECT=mysql npm test',
36 silly install resolved        'test-sqlite': 'DIALECT=sqlite npm test',
36 silly install resolved        'test-postgres': 'DIALECT=postgres npm test',
36 silly install resolved        'test-pgsql': 'npm run test-postgres',
36 silly install resolved        'test-postgres-native': 'DIALECT=postgres-native npm test',
36 silly install resolved        'test-postgresn': 'npm run test-postgres-native',
36 silly install resolved        'test-mariadb': 'DIALECT=mariadb npm test',
36 silly install resolved        'test-mssql': 'DIALECT=mssql npm test',
36 silly install resolved        'test-all': 'npm run test-mysql && npm run test-sqlite && npm run test-postgres && npm run test-postgres-native && npm run test-mariadb && npm run test-mssql',
36 silly install resolved        cover: 'rm -rf coverage && npm run teaser && COVERAGE=true ./node_modules/.bin/istanbul cover ./node_modules/.bin/_mocha --report lcovonly -- -t 30000 --ui tdd \'test/integration/**/*.test.js\'',
36 silly install resolved        'cover-mysql': 'DIALECT=mysql npm run cover && mv coverage coverage-mysql',
36 silly install resolved        'cover-sqlite': 'DIALECT=sqlite npm run cover && mv coverage coverage-sqlite',
36 silly install resolved        'cover-postgres': 'DIALECT=postgres npm run cover && mv coverage coverage-postgres',
36 silly install resolved        'cover-postgres-native': 'DIALECT=postgres-native npm run cover && mv coverage coverage-postgres-native',
36 silly install resolved        'cover-mariadb': 'DIALECT=mariadb npm run cover && mv coverage coverage-mariadb',
36 silly install resolved        'cover-mssql': 'DIALECT=mssql npm run cover && mv coverage coverage-mssql',
36 silly install resolved        'cover-all': 'npm run cover-mysql && npm run cover-postgres && npm run cover-postgres-native && npm run cover-mssql && npm run cover-sqlite && npm run cover-mariadb && npm run merge-coverage',
36 silly install resolved        'merge-coverage': 'rm -rf coverage && mkdir coverage && ./node_modules/.bin/lcov-result-merger \'coverage-*/lcov.info\' \'coverage/lcov.info\'',
36 silly install resolved        'codeclimate-send': 'npm install -g codeclimate-test-reporter && CODECLIMATE_REPO_TOKEN=ce835a510bbf423a5ab5400a9bdcc2ec2d189d840b31657c6ee7cb9916b161d6 codeclimate-test-reporter < coverage/lcov.info',
36 silly install resolved        codeclimate: 'npm run cover-all && npm run codeclimate-send',
36 silly install resolved        sscce: 'docker-compose run sequelize /bin/sh -c "node sscce.js"',
36 silly install resolved        'sscce-mysql': 'DIALECT=mysql npm run sscce',
36 silly install resolved        'sscce-postgres': 'DIALECT=postgres npm run sscce',
36 silly install resolved        'sscce-sqlite': 'DIALECT=sqlite npm run sscce' },
36 silly install resolved     engines: { node: '>=0.6.21' },
36 silly install resolved     license: 'MIT',
36 silly install resolved     gitHead: '01d28608c95a60103bc150b813a5c7457a134186',
36 silly install resolved     homepage: 'https://github.com/sequelize/sequelize#readme',
36 silly install resolved     _id: 'sequelize@3.24.0',
36 silly install resolved     _shasum: 'a773fe63d640eb0ee9489ba4bc00a811d89b157a',
36 silly install resolved     _from: 'sequelize@latest',
36 silly install resolved     _npmVersion: '2.15.5',
36 silly install resolved     _nodeVersion: '4.4.5',
36 silly install resolved     _npmUser: { name: 'janaameier', email: 'janzeh@gmail.com' },
36 silly install resolved     dist:
36 silly install resolved      { shasum: 'a773fe63d640eb0ee9489ba4bc00a811d89b157a',
36 silly install resolved        tarball: 'https://registry.npmjs.org/sequelize/-/sequelize-3.24.0.tgz' },
36 silly install resolved     maintainers: [ [Object], [Object], [Object], [Object] ],
36 silly install resolved     _npmOperationalInternal:
36 silly install resolved      { host: 'packages-16-east.internal.npmjs.com',
36 silly install resolved        tmp: 'tmp/sequelize-3.24.0.tgz_1470927838693_0.7736787153407931' },
36 silly install resolved     directories: {},
36 silly install resolved     _resolved: 'https://registry.npmjs.org/sequelize/-/sequelize-3.24.0.tgz',
36 silly install resolved     readme: 'ERROR: No README data found!' } ]
37 info install sequelize@3.24.0 into /usr/local/lib
38 info installOne sequelize@3.24.0
39 verbose installOne of sequelize to /usr/local/lib not in flight; installing
40 verbose correctMkdir /Users/jinysong/.npm/_locks correctMkdir not in flight; initializing
41 verbose lock using /Users/jinysong/.npm/_locks/sequelize-0ebe46716df48388.lock for /usr/local/lib/node_modules/sequelize
42 silly install write writing sequelize 3.24.0 to /usr/local/lib/node_modules/sequelize
43 verbose unbuild lib/node_modules/sequelize
44 silly gentlyRm /usr/local/lib/node_modules/sequelize is being purged from base /usr/local
45 verbose gentlyRm don't care about contents; nuking /usr/local/lib/node_modules/sequelize
46 verbose tar unpack /Users/jinysong/.npm/sequelize/3.24.0/package.tgz
47 verbose tar unpacking to /usr/local/lib/node_modules/sequelize
48 silly gentlyRm /usr/local/lib/node_modules/sequelize is being purged
49 verbose gentlyRm don't care about contents; nuking /usr/local/lib/node_modules/sequelize
50 silly gunzTarPerm modes [ '755', '644' ]
51 error tar.unpack untar error /Users/jinysong/.npm/sequelize/3.24.0/package.tgz
52 verbose unlock done using /Users/jinysong/.npm/_locks/sequelize-0ebe46716df48388.lock for /usr/local/lib/node_modules/sequelize
53 verbose fstream_path /usr/local/lib/node_modules/sequelize
54 verbose fstream_type Directory
55 verbose fstream_class DirWriter
56 verbose stack Error: EACCES: permission denied, mkdir '/usr/local/lib/node_modules/sequelize'
56 verbose stack     at Error (native)
57 verbose fstream_stack /usr/local/lib/node_modules/npm/node_modules/fstream/lib/dir-writer.js:35:25
57 verbose fstream_stack /usr/local/lib/node_modules/npm/node_modules/mkdirp/index.js:47:53
57 verbose fstream_stack FSReqWrap.oncomplete (fs.js:82:15)
58 verbose cwd /Users/jinysong/Documents/BrainStation/0809 JIN movie_api_app
59 error Darwin 15.5.0
60 error argv "/usr/local/bin/node" "/usr/local/bin/npm" "install" "-g" "sequelize"
61 error node v4.4.7
62 error npm  v2.15.8
63 error path /usr/local/lib/node_modules/sequelize
64 error code EACCES
65 error errno -13
66 error syscall mkdir
67 error Error: EACCES: permission denied, mkdir '/usr/local/lib/node_modules/sequelize'
67 error     at Error (native)
67 error  { [Error: EACCES: permission denied, mkdir '/usr/local/lib/node_modules/sequelize']
67 error   errno: -13,
67 error   code: 'EACCES',
67 error   syscall: 'mkdir',
67 error   path: '/usr/local/lib/node_modules/sequelize',
67 error   fstream_type: 'Directory',
67 error   fstream_path: '/usr/local/lib/node_modules/sequelize',
67 error   fstream_class: 'DirWriter',
67 error   fstream_stack:
67 error    [ '/usr/local/lib/node_modules/npm/node_modules/fstream/lib/dir-writer.js:35:25',
67 error      '/usr/local/lib/node_modules/npm/node_modules/mkdirp/index.js:47:53',
67 error      'FSReqWrap.oncomplete (fs.js:82:15)' ] }
68 error Please try running this command again as root/Administrator.
69 verbose exit [ -13, true ]
70 verbose unbuild lib/node_modules/sequelize
71 silly gentlyRm /usr/local/lib/node_modules/sequelize is being purged from base /usr/local
72 verbose gentlyRm don't care about contents; nuking /usr/local/lib/node_modules/sequelize
